# Reconciliation Run 12 — 2026-03-06T17:01:25.729Z

[12:01:25 PM] 📸 Creating snapshot of current playback_history...
[12:01:25 PM] 📸 Snapshot: 81236 records
[12:01:25 PM] 🗑️ Clearing existing lastfm/trakt from playback_history...
[12:01:26 PM] 🗑️ Cleared 77082 lastfm + 4154 trakt entries
[12:01:26 PM] 🗑️ Cleaned 2039 orphan external parents, 4518 stale external children
[12:01:26 PM] ⏭️ T3 embedding matching disabled — using T0–T2 + fuzzy album matching
[12:01:26 PM] 🎵 Matching 77086 Last.fm scrobbles...
[12:01:27 PM] 🎵 1000/77086 scrobbles — 730 matched, 270 external
[12:01:27 PM] 🎵 2000/77086 scrobbles — 1528 matched, 472 external
[12:01:28 PM] 🎵 3000/77086 scrobbles — 2462 matched, 538 external
[12:01:28 PM] 🎵 4000/77086 scrobbles — 3207 matched, 793 external
[12:01:29 PM] 🎵 5000/77086 scrobbles — 3903 matched, 1097 external
[12:01:29 PM] 🎵 6000/77086 scrobbles — 4724 matched, 1276 external
[12:01:30 PM] 🎵 7000/77086 scrobbles — 5463 matched, 1537 external
[12:01:31 PM] 🎵 8000/77086 scrobbles — 6149 matched, 1851 external
[12:01:31 PM] 🎵 9000/77086 scrobbles — 6941 matched, 2059 external
[12:01:32 PM] 🎵 10000/77086 scrobbles — 7709 matched, 2291 external
[12:01:32 PM] 🎵 11000/77086 scrobbles — 8517 matched, 2483 external
[12:01:33 PM] 🎵 12000/77086 scrobbles — 9091 matched, 2909 external
[12:01:34 PM] 🎵 13000/77086 scrobbles — 9742 matched, 3258 external
[12:01:34 PM] 🎵 14000/77086 scrobbles — 10411 matched, 3589 external
[12:01:35 PM] 🎵 15000/77086 scrobbles — 10973 matched, 4027 external
[12:01:36 PM] 🎵 16000/77086 scrobbles — 11649 matched, 4351 external
[12:01:36 PM] 🎵 17000/77086 scrobbles — 12364 matched, 4636 external
[12:01:37 PM] 🎵 18000/77086 scrobbles — 13077 matched, 4923 external
[12:01:37 PM] 🎵 19000/77086 scrobbles — 13913 matched, 5087 external
[12:01:38 PM] 🎵 20000/77086 scrobbles — 14686 matched, 5314 external
[12:01:39 PM] 🎵 21000/77086 scrobbles — 15543 matched, 5457 external
[12:01:39 PM] 🎵 22000/77086 scrobbles — 16171 matched, 5829 external
[12:01:40 PM] 🎵 23000/77086 scrobbles — 16920 matched, 6080 external
[12:01:41 PM] 🎵 24000/77086 scrobbles — 17549 matched, 6451 external
[12:01:41 PM] 🎵 25000/77086 scrobbles — 18350 matched, 6650 external
[12:01:42 PM] 🎵 26000/77086 scrobbles — 19046 matched, 6954 external
[12:01:43 PM] 🎵 27000/77086 scrobbles — 19717 matched, 7283 external
[12:01:43 PM] 🎵 28000/77086 scrobbles — 20418 matched, 7582 external
[12:01:44 PM] 🎵 29000/77086 scrobbles — 21227 matched, 7773 external
[12:01:45 PM] 🎵 30000/77086 scrobbles — 21966 matched, 8034 external
[12:01:45 PM] 🎵 31000/77086 scrobbles — 22742 matched, 8258 external
[12:01:46 PM] 🎵 32000/77086 scrobbles — 23440 matched, 8560 external
[12:01:47 PM] 🎵 33000/77086 scrobbles — 24196 matched, 8804 external
[12:01:47 PM] 🎵 34000/77086 scrobbles — 24944 matched, 9056 external
[12:01:48 PM] 🎵 35000/77086 scrobbles — 25814 matched, 9186 external
[12:01:48 PM] 🎵 36000/77086 scrobbles — 26722 matched, 9278 external
[12:01:49 PM] 🎵 37000/77086 scrobbles — 27607 matched, 9393 external
[12:01:50 PM] 🎵 38000/77086 scrobbles — 28476 matched, 9524 external
[12:01:50 PM] 🎵 39000/77086 scrobbles — 29420 matched, 9580 external
[12:01:51 PM] 🎵 40000/77086 scrobbles — 30388 matched, 9612 external
[12:01:51 PM] 🎵 41000/77086 scrobbles — 31344 matched, 9656 external
[12:01:52 PM] 🎵 42000/77086 scrobbles — 32269 matched, 9731 external
[12:01:52 PM] 🎵 43000/77086 scrobbles — 33116 matched, 9884 external
[12:01:53 PM] 🎵 44000/77086 scrobbles — 34054 matched, 9946 external
[12:01:53 PM] 🎵 45000/77086 scrobbles — 35002 matched, 9998 external
[12:01:54 PM] 🎵 46000/77086 scrobbles — 35918 matched, 10082 external
[12:01:54 PM] 🎵 47000/77086 scrobbles — 36837 matched, 10163 external
[12:01:55 PM] 🎵 48000/77086 scrobbles — 37737 matched, 10263 external
[12:01:55 PM] 🎵 49000/77086 scrobbles — 38697 matched, 10303 external
[12:01:56 PM] 🎵 50000/77086 scrobbles — 39662 matched, 10338 external
[12:01:56 PM] 🎵 51000/77086 scrobbles — 40615 matched, 10385 external
[12:01:57 PM] 🎵 52000/77086 scrobbles — 41438 matched, 10562 external
[12:01:57 PM] 🎵 53000/77086 scrobbles — 42222 matched, 10778 external
[12:01:58 PM] 🎵 54000/77086 scrobbles — 43009 matched, 10991 external
[12:01:59 PM] 🎵 55000/77086 scrobbles — 43873 matched, 11127 external
[12:02:00 PM] 🎵 56000/77086 scrobbles — 44582 matched, 11418 external
[12:02:00 PM] 🎵 57000/77086 scrobbles — 45325 matched, 11675 external
[12:02:01 PM] 🎵 58000/77086 scrobbles — 46190 matched, 11810 external
[12:02:02 PM] 🎵 59000/77086 scrobbles — 47037 matched, 11963 external
[12:02:02 PM] 🎵 60000/77086 scrobbles — 47922 matched, 12078 external
[12:02:03 PM] 🎵 61000/77086 scrobbles — 48792 matched, 12208 external
[12:02:03 PM] 🎵 62000/77086 scrobbles — 49707 matched, 12293 external
[12:02:04 PM] 🎵 63000/77086 scrobbles — 50573 matched, 12427 external
[12:02:04 PM] 🎵 64000/77086 scrobbles — 51394 matched, 12606 external
[12:02:05 PM] 🎵 65000/77086 scrobbles — 52155 matched, 12845 external
[12:02:06 PM] 🎵 66000/77086 scrobbles — 53076 matched, 12924 external
[12:02:06 PM] 🎵 67000/77086 scrobbles — 53984 matched, 13016 external
[12:02:07 PM] 🎵 68000/77086 scrobbles — 54876 matched, 13124 external
[12:02:07 PM] 🎵 69000/77086 scrobbles — 55840 matched, 13160 external
[12:02:08 PM] 🎵 70000/77086 scrobbles — 56754 matched, 13246 external
[12:02:08 PM] 🎵 71000/77086 scrobbles — 57621 matched, 13379 external
[12:02:09 PM] 🎵 72000/77086 scrobbles — 58489 matched, 13511 external
[12:02:09 PM] 🎵 73000/77086 scrobbles — 59413 matched, 13587 external
[12:02:10 PM] 🎵 74000/77086 scrobbles — 60360 matched, 13640 external
[12:02:11 PM] 🎵 76000/77086 scrobbles — 62254 matched, 13746 external
[12:02:11 PM] 🎵 77000/77086 scrobbles — 63241 matched, 13759 external
[12:02:11 PM] 🎵 77086/77086 scrobbles — 63327 matched, 13759 external
[12:02:11 PM] ✅ Last.fm: 63327 matched (T0:51985 T1:10909 T2:433 T3:0), 13759 external, 1665 consolidated
[12:02:11 PM] 🎬 Matching 4196 Trakt history records...
[12:02:12 PM] 🎬 500/4196 — 499 matched, 1 external
[12:02:12 PM] 🎬 1000/4196 — 997 matched, 3 external
[12:02:12 PM] 🎬 1500/4196 — 1495 matched, 5 external
[12:02:12 PM] 🎬 2000/4196 — 1963 matched, 37 external
[12:02:12 PM] 🎬 2500/4196 — 2438 matched, 62 external
[12:02:13 PM] 🎬 3000/4196 — 2936 matched, 64 external
[12:02:13 PM] 🎬 3500/4196 — 3436 matched, 64 external
[12:02:13 PM] 🎬 4000/4196 — 3936 matched, 64 external
[12:02:13 PM] 🎬 4196/4196 — 4132 matched, 64 external
[12:02:13 PM] ✅ Trakt: 4132 matched (T0:4129 T1:3 T2:0 T3:0), 64 external, 65 consolidated
[12:02:13 PM] 🏷️ Reclassified 0 external items to 'watched_not_owned'
[12:02:15 PM] 🧹 Dedup: 9 parents merged, 0 children merged, 8 orphan artists→albums, 386 duplicate plays removed, 126 history entries migrated
[12:02:15 PM] 📥 Syncing *arr services...
[12:02:34 PM] 📥 *arr: radarr: 1313 matched + 2 created / 1315, sonarr: 377 matched / 377, lidarr: 450 matched + 9 created / 459
[12:02:34 PM] 📊 Generating diff report...
[12:02:34 PM] 📊 Diff: 7347 changed, 0 improved, 0 degraded, 0 new, 2070 session-consolidated

# Finished — 2026-03-06T17:02:34.610Z
