# Reconciliation Run 4 — 2026-03-06T04:16:14.531Z

[11:16:14 PM] 📸 Creating snapshot of current playback_history...
[11:16:14 PM] 📸 Snapshot: 69542 records
[11:16:14 PM] 🗑️ Clearing existing lastfm/trakt from playback_history...
[11:16:14 PM] 🗑️ Cleared 65412 lastfm + 4130 trakt entries
[11:16:14 PM] 🗑️ Cleaned 2047 orphan external parents, 2419 stale external children
[11:16:14 PM] ⏭️ T3 embedding matching disabled — using T0–T2 + fuzzy album matching
[11:16:15 PM] 🎵 Matching 77085 Last.fm scrobbles...
[11:16:15 PM] 🎵 1000/77085 scrobbles — 711 matched, 289 external
[11:16:16 PM] 🎵 2000/77085 scrobbles — 1509 matched, 491 external
[11:16:17 PM] 🎵 3000/77085 scrobbles — 2443 matched, 557 external
[11:16:19 PM] 🎵 4000/77085 scrobbles — 3188 matched, 812 external
[11:16:19 PM] 🎵 5000/77085 scrobbles — 3868 matched, 1132 external
[11:16:20 PM] 🎵 6000/77085 scrobbles — 4671 matched, 1329 external
[11:16:21 PM] 🎵 7000/77085 scrobbles — 5408 matched, 1592 external
[11:16:21 PM] 🎵 8000/77085 scrobbles — 6092 matched, 1908 external
[11:16:22 PM] 🎵 9000/77085 scrobbles — 6844 matched, 2156 external
[11:16:23 PM] 🎵 10000/77085 scrobbles — 7581 matched, 2419 external
[11:16:23 PM] 🎵 11000/77085 scrobbles — 8386 matched, 2614 external
[11:16:24 PM] 🎵 12000/77085 scrobbles — 8934 matched, 3066 external
[11:16:24 PM] 🎵 13000/77085 scrobbles — 9573 matched, 3427 external
[11:16:24 PM] 🎵 14000/77085 scrobbles — 10242 matched, 3758 external
[11:16:25 PM] 🎵 15000/77085 scrobbles — 10791 matched, 4209 external
[11:16:25 PM] 🎵 16000/77085 scrobbles — 11437 matched, 4563 external
[11:16:26 PM] 🎵 17000/77085 scrobbles — 12114 matched, 4886 external
[11:16:26 PM] 🎵 18000/77085 scrobbles — 12800 matched, 5200 external
[11:16:26 PM] 🎵 19000/77085 scrobbles — 13603 matched, 5397 external
[11:16:27 PM] 🎵 20000/77085 scrobbles — 14364 matched, 5636 external
[11:16:27 PM] 🎵 21000/77085 scrobbles — 15175 matched, 5825 external
[11:16:28 PM] 🎵 22000/77085 scrobbles — 15795 matched, 6205 external
[11:16:28 PM] 🎵 23000/77085 scrobbles — 16531 matched, 6469 external
[11:16:29 PM] 🎵 24000/77085 scrobbles — 17139 matched, 6861 external
[11:16:29 PM] 🎵 25000/77085 scrobbles — 17922 matched, 7078 external
[11:16:29 PM] 🎵 26000/77085 scrobbles — 18606 matched, 7394 external
[11:16:30 PM] 🎵 27000/77085 scrobbles — 19276 matched, 7724 external
[11:16:30 PM] 🎵 28000/77085 scrobbles — 19974 matched, 8026 external
[11:16:31 PM] 🎵 29000/77085 scrobbles — 20765 matched, 8235 external
[11:16:31 PM] 🎵 30000/77085 scrobbles — 21489 matched, 8511 external
[11:16:32 PM] 🎵 31000/77085 scrobbles — 22256 matched, 8744 external
[11:16:32 PM] 🎵 32000/77085 scrobbles — 22945 matched, 9055 external
[11:16:33 PM] 🎵 33000/77085 scrobbles — 23700 matched, 9300 external
[11:16:33 PM] 🎵 34000/77085 scrobbles — 24435 matched, 9565 external
[11:16:33 PM] 🎵 35000/77085 scrobbles — 25292 matched, 9708 external
[11:16:34 PM] 🎵 36000/77085 scrobbles — 26200 matched, 9800 external
[11:16:34 PM] 🎵 37000/77085 scrobbles — 27085 matched, 9915 external
[11:16:34 PM] 🎵 38000/77085 scrobbles — 27940 matched, 10060 external
[11:16:35 PM] 🎵 39000/77085 scrobbles — 28867 matched, 10133 external
[11:16:35 PM] 🎵 40000/77085 scrobbles — 29823 matched, 10177 external
[11:16:35 PM] 🎵 41000/77085 scrobbles — 30760 matched, 10240 external
[11:16:36 PM] 🎵 42000/77085 scrobbles — 31670 matched, 10330 external
[11:16:36 PM] 🎵 43000/77085 scrobbles — 32514 matched, 10486 external
[11:16:36 PM] 🎵 44000/77085 scrobbles — 33450 matched, 10550 external
[11:16:37 PM] 🎵 45000/77085 scrobbles — 34386 matched, 10614 external
[11:16:37 PM] 🎵 46000/77085 scrobbles — 35190 matched, 10810 external
[11:16:37 PM] 🎵 47000/77085 scrobbles — 36092 matched, 10908 external
[11:16:38 PM] 🎵 48000/77085 scrobbles — 36983 matched, 11017 external
[11:16:38 PM] 🎵 49000/77085 scrobbles — 37933 matched, 11067 external
[11:16:39 PM] 🎵 50000/77085 scrobbles — 38879 matched, 11121 external
[11:16:39 PM] 🎵 51000/77085 scrobbles — 39810 matched, 11190 external
[11:16:39 PM] 🎵 52000/77085 scrobbles — 40633 matched, 11367 external
[11:16:40 PM] 🎵 53000/77085 scrobbles — 41410 matched, 11590 external
[11:16:40 PM] 🎵 54000/77085 scrobbles — 42187 matched, 11813 external
[11:16:41 PM] 🎵 55000/77085 scrobbles — 43044 matched, 11956 external
[11:16:41 PM] 🎵 56000/77085 scrobbles — 43753 matched, 12247 external
[11:16:42 PM] 🎵 57000/77085 scrobbles — 44496 matched, 12504 external
[11:16:42 PM] 🎵 58000/77085 scrobbles — 45361 matched, 12639 external
[11:16:43 PM] 🎵 59000/77085 scrobbles — 46200 matched, 12800 external
[11:16:43 PM] 🎵 60000/77085 scrobbles — 47081 matched, 12919 external
[11:16:43 PM] 🎵 61000/77085 scrobbles — 47947 matched, 13053 external
[11:16:44 PM] 🎵 62000/77085 scrobbles — 48861 matched, 13139 external
[11:16:44 PM] 🎵 63000/77085 scrobbles — 49718 matched, 13282 external
[11:16:45 PM] 🎵 64000/77085 scrobbles — 50526 matched, 13474 external
[11:16:45 PM] 🎵 65000/77085 scrobbles — 51282 matched, 13718 external
[11:16:45 PM] 🎵 66000/77085 scrobbles — 52202 matched, 13798 external
[11:16:46 PM] 🎵 67000/77085 scrobbles — 53098 matched, 13902 external
[11:16:46 PM] 🎵 68000/77085 scrobbles — 53990 matched, 14010 external
[11:16:46 PM] 🎵 69000/77085 scrobbles — 54954 matched, 14046 external
[11:16:47 PM] 🎵 70000/77085 scrobbles — 55857 matched, 14143 external
[11:16:47 PM] 🎵 71000/77085 scrobbles — 56706 matched, 14294 external
[11:16:48 PM] 🎵 72000/77085 scrobbles — 57561 matched, 14439 external
[11:16:48 PM] 🎵 73000/77085 scrobbles — 58484 matched, 14516 external
[11:16:48 PM] 🎵 74000/77085 scrobbles — 59431 matched, 14569 external
[11:16:49 PM] 🎵 76000/77085 scrobbles — 61325 matched, 14675 external
[11:16:49 PM] 🎵 77000/77085 scrobbles — 62312 matched, 14688 external
[11:16:49 PM] 🎵 77085/77085 scrobbles — 62397 matched, 14688 external
[11:16:49 PM] ✅ Last.fm: 62397 matched (T0:52040 T1:9924 T2:433 T3:0), 14688 external, 1665 consolidated
[11:16:49 PM] 🎬 Matching 4195 Trakt history records...
[11:16:49 PM] 🎬 500/4195 — 499 matched, 1 external
[11:16:49 PM] 🎬 1000/4195 — 997 matched, 3 external
[11:16:50 PM] 🎬 1500/4195 — 1495 matched, 5 external
[11:16:50 PM] 🎬 2000/4195 — 1963 matched, 37 external
[11:16:50 PM] 🎬 2500/4195 — 2438 matched, 62 external
[11:16:50 PM] 🎬 3000/4195 — 2936 matched, 64 external
[11:16:50 PM] 🎬 3500/4195 — 3436 matched, 64 external
[11:16:50 PM] 🎬 4000/4195 — 3936 matched, 64 external
[11:16:50 PM] 🎬 4195/4195 — 4131 matched, 64 external
[11:16:50 PM] ✅ Trakt: 4131 matched (T0:4128 T1:3 T2:0 T3:0), 64 external, 65 consolidated
[11:16:50 PM] 🏷️ Reclassified 0 external items to 'watched_not_owned'
[11:16:53 PM] 🧹 Dedup: 17 parents merged, 1 children merged, 12 orphan artists→albums, 385 duplicate plays removed, 126 history entries migrated
[11:16:53 PM] 📥 Syncing *arr services...
[11:16:57 PM] 📥 *arr: radarr: 1276 matched + 31 created / 1307, sonarr: 0 matched / 0, lidarr: 0 matched / 0
[11:16:57 PM] 📊 Generating diff report...
[11:16:57 PM] 📊 Diff: 7461 changed, 106 improved, 38 degraded, 9987 new, 364 session-consolidated

# Finished — 2026-03-06T04:16:57.993Z
