# Reconciliation Run 9 — 2026-03-06T06:44:51.633Z

[1:44:51 AM] 📸 Creating snapshot of current playback_history...
[1:44:51 AM] 📸 Snapshot: 5550 records
[1:44:51 AM] 🗑️ Clearing existing lastfm/trakt from playback_history...
[1:44:51 AM] 🗑️ Cleared 5450 lastfm + 100 trakt entries
[1:44:51 AM] 🗑️ Cleaned 129 orphan external parents, 534 stale external children
[1:44:51 AM] ⏭️ T3 embedding matching disabled — using T0–T2 + fuzzy album matching
[1:44:51 AM] 🎵 Matching 77086 Last.fm scrobbles...
[1:44:52 AM] 🎵 1000/77086 scrobbles — 730 matched, 270 external
[1:44:53 AM] 🎵 2000/77086 scrobbles — 1528 matched, 472 external
[1:44:53 AM] 🎵 3000/77086 scrobbles — 2462 matched, 538 external
[1:44:54 AM] 🎵 4000/77086 scrobbles — 3207 matched, 793 external
[1:44:55 AM] 🎵 5000/77086 scrobbles — 3903 matched, 1097 external
[1:44:55 AM] 🎵 6000/77086 scrobbles — 4724 matched, 1276 external
[1:44:56 AM] 🎵 7000/77086 scrobbles — 5463 matched, 1537 external
[1:44:57 AM] 🎵 8000/77086 scrobbles — 6149 matched, 1851 external
[1:44:57 AM] 🎵 9000/77086 scrobbles — 6941 matched, 2059 external
[1:44:58 AM] 🎵 10000/77086 scrobbles — 7708 matched, 2292 external
[1:44:58 AM] 🎵 11000/77086 scrobbles — 8516 matched, 2484 external
[1:44:59 AM] 🎵 12000/77086 scrobbles — 9090 matched, 2910 external
[1:45:00 AM] 🎵 13000/77086 scrobbles — 9741 matched, 3259 external
[1:45:01 AM] 🎵 14000/77086 scrobbles — 10410 matched, 3590 external
[1:45:01 AM] 🎵 15000/77086 scrobbles — 10972 matched, 4028 external
[1:45:02 AM] 🎵 16000/77086 scrobbles — 11648 matched, 4352 external
[1:45:03 AM] 🎵 17000/77086 scrobbles — 12362 matched, 4638 external
[1:45:03 AM] 🎵 18000/77086 scrobbles — 13075 matched, 4925 external
[1:45:04 AM] 🎵 19000/77086 scrobbles — 13911 matched, 5089 external
[1:45:04 AM] 🎵 20000/77086 scrobbles — 14683 matched, 5317 external
[1:45:05 AM] 🎵 21000/77086 scrobbles — 15540 matched, 5460 external
[1:45:06 AM] 🎵 22000/77086 scrobbles — 16168 matched, 5832 external
[1:45:06 AM] 🎵 23000/77086 scrobbles — 16917 matched, 6083 external
[1:45:07 AM] 🎵 24000/77086 scrobbles — 17546 matched, 6454 external
[1:45:08 AM] 🎵 25000/77086 scrobbles — 18347 matched, 6653 external
[1:45:08 AM] 🎵 26000/77086 scrobbles — 19043 matched, 6957 external
[1:45:09 AM] 🎵 27000/77086 scrobbles — 19714 matched, 7286 external
[1:45:10 AM] 🎵 28000/77086 scrobbles — 20415 matched, 7585 external
[1:45:10 AM] 🎵 29000/77086 scrobbles — 21224 matched, 7776 external
[1:45:11 AM] 🎵 30000/77086 scrobbles — 21963 matched, 8037 external
[1:45:12 AM] 🎵 31000/77086 scrobbles — 22739 matched, 8261 external
[1:45:13 AM] 🎵 32000/77086 scrobbles — 23437 matched, 8563 external
[1:45:13 AM] 🎵 33000/77086 scrobbles — 24193 matched, 8807 external
[1:45:14 AM] 🎵 34000/77086 scrobbles — 24941 matched, 9059 external
[1:45:15 AM] 🎵 35000/77086 scrobbles — 25811 matched, 9189 external
[1:45:15 AM] 🎵 36000/77086 scrobbles — 26719 matched, 9281 external
[1:45:16 AM] 🎵 37000/77086 scrobbles — 27604 matched, 9396 external
[1:45:17 AM] 🎵 38000/77086 scrobbles — 28473 matched, 9527 external
[1:45:17 AM] 🎵 39000/77086 scrobbles — 29417 matched, 9583 external
[1:45:18 AM] 🎵 40000/77086 scrobbles — 30385 matched, 9615 external
[1:45:18 AM] 🎵 41000/77086 scrobbles — 31341 matched, 9659 external
[1:45:19 AM] 🎵 42000/77086 scrobbles — 32266 matched, 9734 external
[1:45:20 AM] 🎵 43000/77086 scrobbles — 33113 matched, 9887 external
[1:45:20 AM] 🎵 44000/77086 scrobbles — 34051 matched, 9949 external
[1:45:21 AM] 🎵 45000/77086 scrobbles — 34999 matched, 10001 external
[1:45:21 AM] 🎵 46000/77086 scrobbles — 35915 matched, 10085 external
[1:45:22 AM] 🎵 47000/77086 scrobbles — 36834 matched, 10166 external
[1:45:23 AM] 🎵 48000/77086 scrobbles — 37734 matched, 10266 external
[1:45:23 AM] 🎵 49000/77086 scrobbles — 38694 matched, 10306 external
[1:45:24 AM] 🎵 50000/77086 scrobbles — 39659 matched, 10341 external
[1:45:25 AM] 🎵 51000/77086 scrobbles — 40612 matched, 10388 external
[1:45:25 AM] 🎵 52000/77086 scrobbles — 41435 matched, 10565 external
[1:45:26 AM] 🎵 53000/77086 scrobbles — 42219 matched, 10781 external
[1:45:27 AM] 🎵 54000/77086 scrobbles — 43006 matched, 10994 external
[1:45:28 AM] 🎵 55000/77086 scrobbles — 43870 matched, 11130 external
[1:45:29 AM] 🎵 56000/77086 scrobbles — 44579 matched, 11421 external
[1:45:30 AM] 🎵 57000/77086 scrobbles — 45322 matched, 11678 external
[1:45:30 AM] 🎵 58000/77086 scrobbles — 46187 matched, 11813 external
[1:45:31 AM] 🎵 59000/77086 scrobbles — 47034 matched, 11966 external
[1:45:32 AM] 🎵 60000/77086 scrobbles — 47919 matched, 12081 external
[1:45:32 AM] 🎵 61000/77086 scrobbles — 48789 matched, 12211 external
[1:45:33 AM] 🎵 62000/77086 scrobbles — 49704 matched, 12296 external
[1:45:34 AM] 🎵 63000/77086 scrobbles — 50570 matched, 12430 external
[1:45:34 AM] 🎵 64000/77086 scrobbles — 51391 matched, 12609 external
[1:45:35 AM] 🎵 65000/77086 scrobbles — 52152 matched, 12848 external
[1:45:36 AM] 🎵 66000/77086 scrobbles — 53073 matched, 12927 external
[1:45:36 AM] 🎵 67000/77086 scrobbles — 53981 matched, 13019 external
[1:45:37 AM] 🎵 68000/77086 scrobbles — 54873 matched, 13127 external
[1:45:37 AM] 🎵 69000/77086 scrobbles — 55837 matched, 13163 external
[1:45:38 AM] 🎵 70000/77086 scrobbles — 56751 matched, 13249 external
[1:45:39 AM] 🎵 71000/77086 scrobbles — 57618 matched, 13382 external
[1:45:39 AM] 🎵 72000/77086 scrobbles — 58486 matched, 13514 external
[1:45:40 AM] 🎵 73000/77086 scrobbles — 59410 matched, 13590 external
[1:45:40 AM] 🎵 74000/77086 scrobbles — 60357 matched, 13643 external
[1:45:41 AM] 🎵 76000/77086 scrobbles — 62251 matched, 13749 external
[1:45:42 AM] 🎵 77000/77086 scrobbles — 63238 matched, 13762 external
[1:45:42 AM] 🎵 77086/77086 scrobbles — 63324 matched, 13762 external
[1:45:42 AM] ✅ Last.fm: 63324 matched (T0:52042 T1:10849 T2:433 T3:0), 13762 external, 1665 consolidated
[1:45:42 AM] 🎬 Matching 4196 Trakt history records...
[1:45:42 AM] 🎬 500/4196 — 499 matched, 1 external
[1:45:42 AM] 🎬 1000/4196 — 997 matched, 3 external
[1:45:43 AM] 🎬 1500/4196 — 1495 matched, 5 external
[1:45:43 AM] 🎬 2000/4196 — 1963 matched, 37 external
[1:45:43 AM] 🎬 2500/4196 — 2438 matched, 62 external
[1:45:43 AM] 🎬 3000/4196 — 2936 matched, 64 external
[1:45:44 AM] 🎬 3500/4196 — 3436 matched, 64 external
[1:45:44 AM] 🎬 4000/4196 — 3936 matched, 64 external
[1:45:44 AM] 🎬 4196/4196 — 4132 matched, 64 external
[1:45:44 AM] ✅ Trakt: 4132 matched (T0:4129 T1:3 T2:0 T3:0), 64 external, 65 consolidated
[1:45:44 AM] 🏷️ Reclassified 0 external items to 'watched_not_owned'
[1:45:46 AM] 🧹 Dedup: 13 parents merged, 0 children merged, 8 orphan artists→albums, 386 duplicate plays removed, 143 history entries migrated
[1:45:46 AM] 📥 Syncing *arr services...
[1:46:01 AM] 📥 *arr: radarr: 1277 matched + 31 created / 1308, sonarr: 359 matched + 18 created / 377, lidarr: 439 matched + 20 created / 459
[1:46:01 AM] 📊 Generating diff report...
[1:46:01 AM] 📊 Diff: 437 changed, 0 improved, 0 degraded, 73616 new, 0 session-consolidated

# Finished — 2026-03-06T06:46:01.901Z
