# Reconciliation Run 6 — 2026-03-06T05:45:56.321Z

[12:45:56 AM] 📸 Creating snapshot of current playback_history...
[12:45:56 AM] 📸 Snapshot: 81231 records
[12:45:56 AM] 🗑️ Clearing existing lastfm/trakt from playback_history...
[12:45:57 AM] 🗑️ Cleared 77082 lastfm + 4154 trakt entries
[12:45:57 AM] 🗑️ Cleaned 2043 orphan external parents, 4490 stale external children
[12:45:57 AM] ⏭️ T3 embedding matching disabled — using T0–T2 + fuzzy album matching
[12:45:57 AM] 🎵 Matching 77086 Last.fm scrobbles...
[12:45:58 AM] 🎵 1000/77086 scrobbles — 730 matched, 270 external
[12:45:58 AM] 🎵 2000/77086 scrobbles — 1528 matched, 472 external
[12:46:00 AM] 🎵 3000/77086 scrobbles — 2462 matched, 538 external
[12:46:01 AM] 🎵 4000/77086 scrobbles — 3207 matched, 793 external
[12:46:02 AM] 🎵 5000/77086 scrobbles — 3903 matched, 1097 external
[12:46:03 AM] 🎵 6000/77086 scrobbles — 4724 matched, 1276 external
[12:46:04 AM] 🎵 7000/77086 scrobbles — 5463 matched, 1537 external
[12:46:05 AM] 🎵 8000/77086 scrobbles — 6149 matched, 1851 external
[12:46:07 AM] 🎵 9000/77086 scrobbles — 6943 matched, 2057 external
[12:46:08 AM] 🎵 10000/77086 scrobbles — 7710 matched, 2290 external
[12:46:08 AM] 🎵 11000/77086 scrobbles — 8518 matched, 2482 external
[12:46:09 AM] 🎵 12000/77086 scrobbles — 9091 matched, 2909 external
[12:46:10 AM] 🎵 13000/77086 scrobbles — 9742 matched, 3258 external
[12:46:10 AM] 🎵 14000/77086 scrobbles — 10411 matched, 3589 external
[12:46:11 AM] 🎵 15000/77086 scrobbles — 10973 matched, 4027 external
[12:46:12 AM] 🎵 16000/77086 scrobbles — 11649 matched, 4351 external
[12:46:13 AM] 🎵 17000/77086 scrobbles — 12363 matched, 4637 external
[12:46:13 AM] 🎵 18000/77086 scrobbles — 13076 matched, 4924 external
[12:46:14 AM] 🎵 19000/77086 scrobbles — 13912 matched, 5088 external
[12:46:14 AM] 🎵 20000/77086 scrobbles — 14684 matched, 5316 external
[12:46:15 AM] 🎵 21000/77086 scrobbles — 15541 matched, 5459 external
[12:46:16 AM] 🎵 22000/77086 scrobbles — 16169 matched, 5831 external
[12:46:17 AM] 🎵 23000/77086 scrobbles — 16918 matched, 6082 external
[12:46:18 AM] 🎵 24000/77086 scrobbles — 17547 matched, 6453 external
[12:46:19 AM] 🎵 25000/77086 scrobbles — 18348 matched, 6652 external
[12:46:20 AM] 🎵 26000/77086 scrobbles — 19044 matched, 6956 external
[12:46:21 AM] 🎵 27000/77086 scrobbles — 19715 matched, 7285 external
[12:46:22 AM] 🎵 28000/77086 scrobbles — 20416 matched, 7584 external
[12:46:23 AM] 🎵 29000/77086 scrobbles — 21225 matched, 7775 external
[12:46:23 AM] 🎵 30000/77086 scrobbles — 21964 matched, 8036 external
[12:46:24 AM] 🎵 31000/77086 scrobbles — 22740 matched, 8260 external
[12:46:25 AM] 🎵 32000/77086 scrobbles — 23438 matched, 8562 external
[12:46:26 AM] 🎵 33000/77086 scrobbles — 24194 matched, 8806 external
[12:46:26 AM] 🎵 34000/77086 scrobbles — 24942 matched, 9058 external
[12:46:27 AM] 🎵 35000/77086 scrobbles — 25812 matched, 9188 external
[12:46:28 AM] 🎵 36000/77086 scrobbles — 26720 matched, 9280 external
[12:46:29 AM] 🎵 37000/77086 scrobbles — 27605 matched, 9395 external
[12:46:30 AM] 🎵 38000/77086 scrobbles — 28474 matched, 9526 external
[12:46:31 AM] 🎵 39000/77086 scrobbles — 29418 matched, 9582 external
[12:46:32 AM] 🎵 40000/77086 scrobbles — 30386 matched, 9614 external
[12:46:32 AM] 🎵 41000/77086 scrobbles — 31342 matched, 9658 external
[12:46:33 AM] 🎵 42000/77086 scrobbles — 32267 matched, 9733 external
[12:46:34 AM] 🎵 43000/77086 scrobbles — 33114 matched, 9886 external
[12:46:35 AM] 🎵 44000/77086 scrobbles — 34052 matched, 9948 external
[12:46:36 AM] 🎵 45000/77086 scrobbles — 35000 matched, 10000 external
[12:46:37 AM] 🎵 46000/77086 scrobbles — 35916 matched, 10084 external
[12:46:38 AM] 🎵 47000/77086 scrobbles — 36835 matched, 10165 external
[12:46:39 AM] 🎵 48000/77086 scrobbles — 37735 matched, 10265 external
[12:46:40 AM] 🎵 49000/77086 scrobbles — 38695 matched, 10305 external
[12:46:41 AM] 🎵 50000/77086 scrobbles — 39660 matched, 10340 external
[12:46:41 AM] 🎵 51000/77086 scrobbles — 40613 matched, 10387 external
[12:46:42 AM] 🎵 52000/77086 scrobbles — 41436 matched, 10564 external
[12:46:43 AM] 🎵 53000/77086 scrobbles — 42220 matched, 10780 external
[12:46:44 AM] 🎵 54000/77086 scrobbles — 43007 matched, 10993 external
[12:46:45 AM] 🎵 55000/77086 scrobbles — 43871 matched, 11129 external
[12:46:46 AM] 🎵 56000/77086 scrobbles — 44580 matched, 11420 external
[12:46:47 AM] 🎵 57000/77086 scrobbles — 45323 matched, 11677 external
[12:46:48 AM] 🎵 58000/77086 scrobbles — 46188 matched, 11812 external
[12:46:49 AM] 🎵 59000/77086 scrobbles — 47035 matched, 11965 external
[12:46:50 AM] 🎵 60000/77086 scrobbles — 47921 matched, 12079 external
[12:46:51 AM] 🎵 61000/77086 scrobbles — 48791 matched, 12209 external
[12:46:52 AM] 🎵 62000/77086 scrobbles — 49706 matched, 12294 external
[12:46:53 AM] 🎵 63000/77086 scrobbles — 50572 matched, 12428 external
[12:46:54 AM] 🎵 64000/77086 scrobbles — 51393 matched, 12607 external
[12:46:55 AM] 🎵 65000/77086 scrobbles — 52154 matched, 12846 external
[12:46:55 AM] 🎵 66000/77086 scrobbles — 53075 matched, 12925 external
[12:46:56 AM] 🎵 67000/77086 scrobbles — 53983 matched, 13017 external
[12:46:57 AM] 🎵 68000/77086 scrobbles — 54875 matched, 13125 external
[12:46:57 AM] 🎵 69000/77086 scrobbles — 55839 matched, 13161 external
[12:46:58 AM] 🎵 70000/77086 scrobbles — 56753 matched, 13247 external
[12:46:58 AM] 🎵 71000/77086 scrobbles — 57620 matched, 13380 external
[12:46:59 AM] 🎵 72000/77086 scrobbles — 58487 matched, 13513 external
[12:46:59 AM] 🎵 73000/77086 scrobbles — 59411 matched, 13589 external
[12:47:00 AM] 🎵 74000/77086 scrobbles — 60358 matched, 13642 external
[12:47:01 AM] 🎵 76000/77086 scrobbles — 62252 matched, 13748 external
[12:47:01 AM] 🎵 77000/77086 scrobbles — 63239 matched, 13761 external
[12:47:01 AM] 🎵 77086/77086 scrobbles — 63325 matched, 13761 external
[12:47:01 AM] ✅ Last.fm: 63325 matched (T0:52041 T1:10851 T2:433 T3:0), 13761 external, 1665 consolidated
[12:47:01 AM] 🎬 Matching 4196 Trakt history records...
[12:47:01 AM] 🎬 500/4196 — 499 matched, 1 external
[12:47:01 AM] 🎬 1000/4196 — 997 matched, 3 external
[12:47:01 AM] 🎬 1500/4196 — 1495 matched, 5 external
[12:47:02 AM] 🎬 2000/4196 — 1963 matched, 37 external
[12:47:02 AM] 🎬 2500/4196 — 2438 matched, 62 external
[12:47:02 AM] 🎬 3000/4196 — 2936 matched, 64 external
[12:47:03 AM] 🎬 3500/4196 — 3436 matched, 64 external
[12:47:03 AM] 🎬 4000/4196 — 3936 matched, 64 external
[12:47:03 AM] 🎬 4196/4196 — 4132 matched, 64 external
[12:47:03 AM] ✅ Trakt: 4132 matched (T0:4129 T1:3 T2:0 T3:0), 64 external, 65 consolidated
[12:47:03 AM] 🏷️ Reclassified 0 external items to 'watched_not_owned'
[12:47:05 AM] 🧹 Dedup: 10 parents merged, 0 children merged, 8 orphan artists→albums, 385 duplicate plays removed, 126 history entries migrated
[12:47:05 AM] 📥 Syncing *arr services...
[12:47:10 AM] 📥 *arr: radarr: 1276 matched + 31 created / 1307, sonarr: 360 matched + 17 created / 377, lidarr: 442 matched + 17 created / 459
[12:47:10 AM] 📊 Generating diff report...
[12:47:10 AM] 📊 Diff: 8388 changed, 1036 improved, 0 degraded, 5 new, 2069 session-consolidated

# Finished — 2026-03-06T05:47:10.764Z
