# Reconciliation Run 14 — 2026-03-06T18:10:43.003Z

[1:10:43 PM] 📸 Creating snapshot of current playback_history...
[1:10:43 PM] 📸 Snapshot: 79551 records
[1:10:43 PM] 🗑️ Clearing existing lastfm/trakt from playback_history...
[1:10:43 PM] 🗑️ Cleared 75421 lastfm + 4130 trakt entries
[1:10:43 PM] 🗑️ Cleaned 2043 orphan external parents, 2605 stale external children
[1:10:43 PM] ⏭️ T3 embedding matching disabled — using T0–T2 + fuzzy album matching
[1:10:43 PM] 🎵 Matching 77086 Last.fm scrobbles...
[1:10:45 PM] 🎵 1000/77086 scrobbles — 876 matched, 124 external
[1:10:47 PM] 🎵 2000/77086 scrobbles — 1748 matched, 252 external
[1:10:48 PM] 🎵 3000/77086 scrobbles — 2713 matched, 287 external
[1:10:50 PM] 🎵 4000/77086 scrobbles — 3583 matched, 417 external
[1:10:51 PM] 🎵 5000/77086 scrobbles — 4374 matched, 626 external
[1:10:53 PM] 🎵 6000/77086 scrobbles — 5285 matched, 715 external
[1:10:54 PM] 🎵 7000/77086 scrobbles — 6153 matched, 847 external
[1:10:56 PM] 🎵 8000/77086 scrobbles — 7012 matched, 988 external
[1:10:57 PM] 🎵 9000/77086 scrobbles — 7896 matched, 1104 external
[1:10:59 PM] 🎵 10000/77086 scrobbles — 8762 matched, 1238 external
[1:11:01 PM] 🎵 11000/77086 scrobbles — 9666 matched, 1334 external
[1:11:02 PM] 🎵 12000/77086 scrobbles — 10416 matched, 1584 external
[1:11:04 PM] 🎵 13000/77086 scrobbles — 11187 matched, 1813 external
[1:11:06 PM] 🎵 14000/77086 scrobbles — 11907 matched, 2093 external
[1:11:07 PM] 🎵 15000/77086 scrobbles — 12534 matched, 2466 external
[1:11:10 PM] 🎵 16000/77086 scrobbles — 13269 matched, 2731 external
[1:11:11 PM] 🎵 17000/77086 scrobbles — 14006 matched, 2994 external
[1:11:13 PM] 🎵 18000/77086 scrobbles — 14795 matched, 3205 external
[1:11:15 PM] 🎵 19000/77086 scrobbles — 15658 matched, 3342 external
[1:11:17 PM] 🎵 20000/77086 scrobbles — 16469 matched, 3531 external
[1:11:19 PM] 🎵 21000/77086 scrobbles — 17361 matched, 3639 external
[1:11:21 PM] 🎵 22000/77086 scrobbles — 18058 matched, 3942 external
[1:11:23 PM] 🎵 23000/77086 scrobbles — 18895 matched, 4105 external
[1:11:24 PM] 🎵 24000/77086 scrobbles — 19601 matched, 4399 external
[1:11:26 PM] 🎵 25000/77086 scrobbles — 20433 matched, 4567 external
[1:11:28 PM] 🎵 26000/77086 scrobbles — 21204 matched, 4796 external
[1:11:30 PM] 🎵 27000/77086 scrobbles — 21938 matched, 5062 external
[1:11:32 PM] 🎵 28000/77086 scrobbles — 22713 matched, 5287 external
[1:11:34 PM] 🎵 29000/77086 scrobbles — 23577 matched, 5423 external
[1:11:36 PM] 🎵 30000/77086 scrobbles — 24360 matched, 5640 external
[1:11:38 PM] 🎵 31000/77086 scrobbles — 25207 matched, 5793 external
[1:11:40 PM] 🎵 32000/77086 scrobbles — 25996 matched, 6004 external
[1:11:42 PM] 🎵 33000/77086 scrobbles — 26796 matched, 6204 external
[1:11:44 PM] 🎵 34000/77086 scrobbles — 27602 matched, 6398 external
[1:11:47 PM] 🎵 35000/77086 scrobbles — 28498 matched, 6502 external
[1:11:49 PM] 🎵 36000/77086 scrobbles — 29421 matched, 6579 external
[1:11:51 PM] 🎵 37000/77086 scrobbles — 30348 matched, 6652 external
[1:11:53 PM] 🎵 38000/77086 scrobbles — 31303 matched, 6697 external
[1:11:55 PM] 🎵 39000/77086 scrobbles — 32274 matched, 6726 external
[1:11:57 PM] 🎵 40000/77086 scrobbles — 33248 matched, 6752 external
[1:12:00 PM] 🎵 41000/77086 scrobbles — 34215 matched, 6785 external
[1:12:01 PM] 🎵 42000/77086 scrobbles — 35181 matched, 6819 external
[1:12:03 PM] 🎵 43000/77086 scrobbles — 36079 matched, 6921 external
[1:12:05 PM] 🎵 44000/77086 scrobbles — 37033 matched, 6967 external
[1:12:07 PM] 🎵 45000/77086 scrobbles — 38002 matched, 6998 external
[1:12:09 PM] 🎵 46000/77086 scrobbles — 38933 matched, 7067 external
[1:12:11 PM] 🎵 47000/77086 scrobbles — 39873 matched, 7127 external
[1:12:13 PM] 🎵 48000/77086 scrobbles — 40790 matched, 7210 external
[1:12:15 PM] 🎵 49000/77086 scrobbles — 41763 matched, 7237 external
[1:12:17 PM] 🎵 50000/77086 scrobbles — 42744 matched, 7256 external
[1:12:19 PM] 🎵 51000/77086 scrobbles — 43707 matched, 7293 external
[1:12:21 PM] 🎵 52000/77086 scrobbles — 44576 matched, 7424 external
[1:12:23 PM] 🎵 53000/77086 scrobbles — 45405 matched, 7595 external
[1:12:26 PM] 🎵 54000/77086 scrobbles — 46223 matched, 7777 external
[1:12:28 PM] 🎵 55000/77086 scrobbles — 47126 matched, 7874 external
[1:12:30 PM] 🎵 56000/77086 scrobbles — 47909 matched, 8091 external
[1:12:32 PM] 🎵 57000/77086 scrobbles — 48729 matched, 8271 external
[1:12:34 PM] 🎵 58000/77086 scrobbles — 49637 matched, 8363 external
[1:12:36 PM] 🎵 59000/77086 scrobbles — 50513 matched, 8487 external
[1:12:38 PM] 🎵 60000/77086 scrobbles — 51428 matched, 8572 external
[1:12:40 PM] 🎵 61000/77086 scrobbles — 52342 matched, 8658 external
[1:12:42 PM] 🎵 62000/77086 scrobbles — 53277 matched, 8723 external
[1:12:44 PM] 🎵 63000/77086 scrobbles — 54169 matched, 8831 external
[1:12:46 PM] 🎵 64000/77086 scrobbles — 55048 matched, 8952 external
[1:12:49 PM] 🎵 65000/77086 scrobbles — 55880 matched, 9120 external
[1:12:51 PM] 🎵 66000/77086 scrobbles — 56830 matched, 9170 external
[1:12:53 PM] 🎵 67000/77086 scrobbles — 57778 matched, 9222 external
[1:12:55 PM] 🎵 68000/77086 scrobbles — 58717 matched, 9283 external
[1:12:56 PM] 🎵 69000/77086 scrobbles — 59696 matched, 9304 external
[1:12:58 PM] 🎵 70000/77086 scrobbles — 60641 matched, 9359 external
[1:13:00 PM] 🎵 71000/77086 scrobbles — 61547 matched, 9453 external
[1:13:02 PM] 🎵 72000/77086 scrobbles — 62465 matched, 9535 external
[1:13:04 PM] 🎵 73000/77086 scrobbles — 63413 matched, 9587 external
[1:13:06 PM] 🎵 74000/77086 scrobbles — 64372 matched, 9628 external
[1:13:10 PM] 🎵 76000/77086 scrobbles — 66292 matched, 9708 external
[1:13:12 PM] 🎵 77000/77086 scrobbles — 67281 matched, 9719 external
[1:13:12 PM] 🎵 77086/77086 scrobbles — 67367 matched, 9719 external
[1:13:12 PM] ✅ Last.fm: 67367 matched (T0:53544 T1:13518 T2:305 T3:0), 9719 external, 1665 consolidated
[1:13:12 PM] 🎬 Matching 4196 Trakt history records...
[1:13:12 PM] 🎬 500/4196 — 499 matched, 1 external
[1:13:13 PM] 🎬 1000/4196 — 997 matched, 3 external
[1:13:13 PM] 🎬 1500/4196 — 1495 matched, 5 external
[1:13:13 PM] 🎬 2000/4196 — 1964 matched, 36 external
[1:13:13 PM] 🎬 2500/4196 — 2442 matched, 58 external
[1:13:14 PM] 🎬 3000/4196 — 2940 matched, 60 external
[1:13:14 PM] 🎬 3500/4196 — 3440 matched, 60 external
[1:13:14 PM] 🎬 4000/4196 — 3940 matched, 60 external
[1:13:14 PM] 🎬 4196/4196 — 4136 matched, 60 external
[1:13:14 PM] ✅ Trakt: 4136 matched (T0:4131 T1:5 T2:0 T3:0), 60 external, 66 consolidated
[1:13:14 PM] 🏷️ Reclassified 0 external items to 'watched_not_owned'

# Finished — 2026-03-06T18:13:16.320Z
